<?xml version="1.0" encoding="UTF-8"?>
<!-- Generated by org.testng.reporters.JUnitXMLReporter -->
<testsuite ignored="0" hostname="MSI" failures="0" tests="5" name="Default test" time="28.042" errors="0" timestamp="2025-08-21T20:29:48 IST">
  <testcase classname="aug21.prog14.LAB014" name="Test" time="3.389"/>
  <testcase classname="aug21.prog14.LAB014" name="Test" time="2.375"/>
  <testcase classname="aug21.prog14.LAB014" name="Test" time="2.432"/>
  <testcase classname="aug21.prog14.LAB014" name="Test" time="2.453"/>
  <testcase classname="aug21.prog14.LAB014" name="Test" time="2.345"/>
</testsuite> <!-- Default test -->
