<?xml version="1.0" encoding="UTF-8"?>
<testng-results ignored="0" total="4" passed="4" failed="0" skipped="0">
  <reporter-output>
  </reporter-output>
  <suite started-at="2025-08-26T16:45:34 IST" name="Suite" finished-at="2025-08-26T16:46:01 IST" duration-ms="27540">
    <groups>
    </groups>
    <test started-at="2025-08-26T16:45:34 IST" name="ChromeTest" finished-at="2025-08-26T16:46:00 IST" duration-ms="26472">
      <class name="aug19.Lab3Test">
        <test-method is-config="true" signature="setUp(java.lang.String)[pri:0, instance:aug19.Lab3Test@70e9c95d]" started-at="2025-08-26T16:45:34 IST" name="setUp" finished-at="2025-08-26T16:45:38 IST" duration-ms="4319" status="PASS">
          <params>
            <param index="0">
              <value>
                <![CDATA[chrome]]>
              </value>
            </param>
          </params>
          <reporter-output>
          </reporter-output>
        </test-method> <!-- setUp -->
        <test-method signature="lab3()[pri:0, instance:aug19.Lab3Test@70e9c95d]" started-at="2025-08-26T16:45:38 IST" name="lab3" finished-at="2025-08-26T16:45:49 IST" duration-ms="10826" status="PASS">
          <reporter-output>
          </reporter-output>
        </test-method> <!-- lab3 -->
        <test-method is-config="true" signature="tearDown()[pri:0, instance:aug19.Lab3Test@70e9c95d]" started-at="2025-08-26T16:45:49 IST" name="tearDown" finished-at="2025-08-26T16:45:50 IST" duration-ms="718" status="PASS">
          <reporter-output>
          </reporter-output>
        </test-method> <!-- tearDown -->
      </class> <!-- aug19.Lab3Test -->
      <class name="aug19.Lab4Test">
        <test-method is-config="true" signature="setUp(java.lang.String)[pri:0, instance:aug19.Lab4Test@5b1669c0]" started-at="2025-08-26T16:45:50 IST" name="setUp" finished-at="2025-08-26T16:45:52 IST" duration-ms="2578" status="PASS">
          <params>
            <param index="0">
              <value>
                <![CDATA[chrome]]>
              </value>
            </param>
          </params>
          <reporter-output>
          </reporter-output>
        </test-method> <!-- setUp -->
        <test-method signature="lab4()[pri:0, instance:aug19.Lab4Test@5b1669c0]" started-at="2025-08-26T16:45:52 IST" name="lab4" finished-at="2025-08-26T16:46:00 IST" duration-ms="7437" status="PASS">
          <reporter-output>
          </reporter-output>
        </test-method> <!-- lab4 -->
        <test-method is-config="true" signature="tearDown()[pri:0, instance:aug19.Lab4Test@5b1669c0]" started-at="2025-08-26T16:46:00 IST" name="tearDown" finished-at="2025-08-26T16:46:00 IST" duration-ms="445" status="PASS">
          <reporter-output>
          </reporter-output>
        </test-method> <!-- tearDown -->
      </class> <!-- aug19.Lab4Test -->
    </test> <!-- ChromeTest -->
    <test started-at="2025-08-26T16:45:34 IST" name="EdgeTest" finished-at="2025-08-26T16:46:01 IST" duration-ms="27540">
      <class name="aug19.Lab3Test">
        <test-method is-config="true" signature="setUp(java.lang.String)[pri:0, instance:aug19.Lab3Test@909217e]" started-at="2025-08-26T16:45:34 IST" name="setUp" finished-at="2025-08-26T16:45:38 IST" duration-ms="4319" status="PASS">
          <params>
            <param index="0">
              <value>
                <![CDATA[edge]]>
              </value>
            </param>
          </params>
          <reporter-output>
          </reporter-output>
        </test-method> <!-- setUp -->
        <test-method signature="lab3()[pri:0, instance:aug19.Lab3Test@909217e]" started-at="2025-08-26T16:45:38 IST" name="lab3" finished-at="2025-08-26T16:45:49 IST" duration-ms="10826" status="PASS">
          <reporter-output>
          </reporter-output>
        </test-method> <!-- lab3 -->
        <test-method is-config="true" signature="tearDown()[pri:0, instance:aug19.Lab3Test@909217e]" started-at="2025-08-26T16:45:49 IST" name="tearDown" finished-at="2025-08-26T16:45:50 IST" duration-ms="844" status="PASS">
          <reporter-output>
          </reporter-output>
        </test-method> <!-- tearDown -->
      </class> <!-- aug19.Lab3Test -->
      <class name="aug19.Lab4Test">
        <test-method is-config="true" signature="setUp(java.lang.String)[pri:0, instance:aug19.Lab4Test@18271936]" started-at="2025-08-26T16:45:50 IST" name="setUp" finished-at="2025-08-26T16:45:53 IST" duration-ms="2774" status="PASS">
          <params>
            <param index="0">
              <value>
                <![CDATA[edge]]>
              </value>
            </param>
          </params>
          <reporter-output>
          </reporter-output>
        </test-method> <!-- setUp -->
        <test-method signature="lab4()[pri:0, instance:aug19.Lab4Test@18271936]" started-at="2025-08-26T16:45:53 IST" name="lab4" finished-at="2025-08-26T16:46:01 IST" duration-ms="8234" status="PASS">
          <reporter-output>
          </reporter-output>
        </test-method> <!-- lab4 -->
        <test-method is-config="true" signature="tearDown()[pri:0, instance:aug19.Lab4Test@18271936]" started-at="2025-08-26T16:46:01 IST" name="tearDown" finished-at="2025-08-26T16:46:01 IST" duration-ms="401" status="PASS">
          <reporter-output>
          </reporter-output>
        </test-method> <!-- tearDown -->
      </class> <!-- aug19.Lab4Test -->
    </test> <!-- EdgeTest -->
  </suite> <!-- Suite -->
</testng-results>
