<?xml version="1.0" encoding="UTF-8"?>
<testng-results ignored="0" total="1" passed="1" failed="0" skipped="0">
  <reporter-output>
  </reporter-output>
  <suite started-at="2025-08-27T19:38:29 IST" name="Default suite" finished-at="2025-08-27T19:38:36 IST" duration-ms="7056">
    <groups>
    </groups>
    <test started-at="2025-08-27T19:38:29 IST" name="Default test" finished-at="2025-08-27T19:38:36 IST" duration-ms="7056">
      <class name="aug26Questions.Q9">
        <test-method is-config="true" signature="beforeMethod()[pri:0, instance:aug26Questions.Q9@ae13544]" started-at="2025-08-27T19:38:29 IST" name="beforeMethod" finished-at="2025-08-27T19:38:34 IST" duration-ms="5715" status="PASS">
          <reporter-output>
          </reporter-output>
        </test-method> <!-- beforeMethod -->
        <test-method signature="f()[pri:0, instance:aug26Questions.Q9@ae13544]" started-at="2025-08-27T19:38:34 IST" name="f" finished-at="2025-08-27T19:38:35 IST" duration-ms="941" status="PASS">
          <reporter-output>
          </reporter-output>
        </test-method> <!-- f -->
        <test-method is-config="true" signature="afterMethod()[pri:0, instance:aug26Questions.Q9@ae13544]" started-at="2025-08-27T19:38:35 IST" name="afterMethod" finished-at="2025-08-27T19:38:36 IST" duration-ms="275" status="PASS">
          <reporter-output>
          </reporter-output>
        </test-method> <!-- afterMethod -->
      </class> <!-- aug26Questions.Q9 -->
    </test> <!-- Default test -->
  </suite> <!-- Default suite -->
</testng-results>
